

> @workspace/ui@0.1.0 type-check /Users/hunor/GitHub/drag-and-drop-navigation/packages/ui
> tsc --noEmit

[96msrc/ui/alert-dialog.tsx[0m:[93m4[0m:[93m39[0m - [91merror[0m[90m TS2307: [0mCannot find module '@radix-ui/react-alert-dialog' or its corresponding type declarations.

[7m4[0m import * as AlertDialogPrimitive from "@radix-ui/react-alert-dialog"
[7m [0m [91m                                      ~~~~~~~~~~~~~~~~~~~~~~~~~~~~~~[0m

[96msrc/ui/alert-dialog.tsx[0m:[93m6[0m:[93m20[0m - [91merror[0m[90m TS2307: [0mCannot find module '@/lib/utils' or its corresponding type declarations.

[7m6[0m import { cn } from "@/lib/utils"
[7m [0m [91m                   ~~~~~~~~~~~~~[0m

[96msrc/ui/alert-dialog.tsx[0m:[93m7[0m:[93m32[0m - [91merror[0m[90m TS2307: [0mCannot find module '@/components/ui/button' or its corresponding type declarations.

[7m7[0m import { buttonVariants } from "@/components/ui/button"
[7m [0m [91m                               ~~~~~~~~~~~~~~~~~~~~~~~~[0m

[96msrc/ui/alert.tsx[0m:[93m4[0m:[93m20[0m - [91merror[0m[90m TS2307: [0mCannot find module '@/lib/utils' or its corresponding type declarations.

[7m4[0m import { cn } from "@/lib/utils"
[7m [0m [91m                   ~~~~~~~~~~~~~[0m

[96msrc/ui/menubar.tsx[0m:[93m4[0m:[93m35[0m - [91merror[0m[90m TS2307: [0mCannot find module '@radix-ui/react-menubar' or its corresponding type declarations.

[7m4[0m import * as MenubarPrimitive from "@radix-ui/react-menubar"
[7m [0m [91m                                  ~~~~~~~~~~~~~~~~~~~~~~~~~[0m

[96msrc/ui/menubar.tsx[0m:[93m7[0m:[93m20[0m - [91merror[0m[90m TS2307: [0mCannot find module '@/lib/utils' or its corresponding type declarations.

[7m7[0m import { cn } from "@/lib/utils"
[7m [0m [91m                   ~~~~~~~~~~~~~[0m

[96msrc/ui/navigation-menu.tsx[0m:[93m2[0m:[93m42[0m - [91merror[0m[90m TS2307: [0mCannot find module '@radix-ui/react-navigation-menu' or its corresponding type declarations.

[7m2[0m import * as NavigationMenuPrimitive from "@radix-ui/react-navigation-menu"
[7m [0m [91m                                         ~~~~~~~~~~~~~~~~~~~~~~~~~~~~~~~~~[0m

[96msrc/ui/navigation-menu.tsx[0m:[93m6[0m:[93m20[0m - [91merror[0m[90m TS2307: [0mCannot find module '@/lib/utils' or its corresponding type declarations.

[7m6[0m import { cn } from "@/lib/utils"
[7m [0m [91m                   ~~~~~~~~~~~~~[0m

[96msrc/ui/popover.tsx[0m:[93m4[0m:[93m35[0m - [91merror[0m[90m TS2307: [0mCannot find module '@radix-ui/react-popover' or its corresponding type declarations.

[7m4[0m import * as PopoverPrimitive from "@radix-ui/react-popover"
[7m [0m [91m                                  ~~~~~~~~~~~~~~~~~~~~~~~~~[0m

[96msrc/ui/popover.tsx[0m:[93m6[0m:[93m20[0m - [91merror[0m[90m TS2307: [0mCannot find module '@/lib/utils' or its corresponding type declarations.

[7m6[0m import { cn } from "@/lib/utils"
[7m [0m [91m                   ~~~~~~~~~~~~~[0m

[96msrc/ui/scroll-area.tsx[0m:[93m4[0m:[93m38[0m - [91merror[0m[90m TS2307: [0mCannot find module '@radix-ui/react-scroll-area' or its corresponding type declarations.

[7m4[0m import * as ScrollAreaPrimitive from "@radix-ui/react-scroll-area"
[7m [0m [91m                                     ~~~~~~~~~~~~~~~~~~~~~~~~~~~~~[0m

[96msrc/ui/scroll-area.tsx[0m:[93m6[0m:[93m20[0m - [91merror[0m[90m TS2307: [0mCannot find module '@/lib/utils' or its corresponding type declarations.

[7m6[0m import { cn } from "@/lib/utils"
[7m [0m [91m                   ~~~~~~~~~~~~~[0m

[96msrc/ui/separator.tsx[0m:[93m4[0m:[93m37[0m - [91merror[0m[90m TS2307: [0mCannot find module '@radix-ui/react-separator' or its corresponding type declarations.

[7m4[0m import * as SeparatorPrimitive from "@radix-ui/react-separator"
[7m [0m [91m                                    ~~~~~~~~~~~~~~~~~~~~~~~~~~~[0m

[96msrc/ui/separator.tsx[0m:[93m6[0m:[93m20[0m - [91merror[0m[90m TS2307: [0mCannot find module '@/lib/utils' or its corresponding type declarations.

[7m6[0m import { cn } from "@/lib/utils"
[7m [0m [91m                   ~~~~~~~~~~~~~[0m

[96msrc/ui/tabs.tsx[0m:[93m4[0m:[93m32[0m - [91merror[0m[90m TS2307: [0mCannot find module '@radix-ui/react-tabs' or its corresponding type declarations.

[7m4[0m import * as TabsPrimitive from "@radix-ui/react-tabs"
[7m [0m [91m                               ~~~~~~~~~~~~~~~~~~~~~~[0m

[96msrc/ui/tabs.tsx[0m:[93m6[0m:[93m20[0m - [91merror[0m[90m TS2307: [0mCannot find module '@/lib/utils' or its corresponding type declarations.

[7m6[0m import { cn } from "@/lib/utils"
[7m [0m [91m                   ~~~~~~~~~~~~~[0m


Found 16 errors in 8 files.

Errors  Files
     3  src/ui/alert-dialog.tsx[90m:4[0m
     1  src/ui/alert.tsx[90m:4[0m
     2  src/ui/menubar.tsx[90m:4[0m
     2  src/ui/navigation-menu.tsx[90m:2[0m
     2  src/ui/popover.tsx[90m:4[0m
     2  src/ui/scroll-area.tsx[90m:4[0m
     2  src/ui/separator.tsx[90m:4[0m
     2  src/ui/tabs.tsx[90m:4[0m
[41m[30mâ€‰ELIFECYCLEâ€‰[39m[49m [31mCommand failed with exit code 2.[39m
